<?xml version="1.0" encoding="UTF-8"?>
<testsuites>
  <testsuite name="/workspaces/wputilservice/phpunit.xml" tests="12" assertions="0" errors="12" failures="0" skipped="0" time="0.388815">
    <testsuite name="Unit Test Suite" tests="12" assertions="0" errors="12" failures="0" skipped="0" time="0.388815">
      <testsuite name="WpUtilService\Tests\EnqueueManagerTest" file="/workspaces/wputilservice/tests/EnqueueManagerTest.php" tests="12" assertions="0" errors="12" failures="0" skipped="0" time="0.388815">
        <testcase name="testFluentApiChaining" file="/workspaces/wputilservice/tests/EnqueueManagerTest.php" line="14" class="WpUtilService\Tests\EnqueueManagerTest" classname="WpUtilService.Tests.EnqueueManagerTest" assertions="0" time="0.387088">
          <error type="TypeError">WpUtilService\Tests\EnqueueManagerTest::testFluentApiChaining
TypeError: WpUtilService\Tests\EnqueueManagerTest::getWpService(): Return value must be of type WpUtilService\Tests\FakeWpService, WpUtilService\Tests\LoggedFakeWpService returned

/workspaces/wputilservice/tests/EnqueueManagerTest.php:232
/workspaces/wputilservice/tests/EnqueueManagerTest.php:18</error>
        </testcase>
        <testcase name="testFluentApiChainingWithParametizedTranslation" file="/workspaces/wputilservice/tests/EnqueueManagerTest.php" line="37" class="WpUtilService\Tests\EnqueueManagerTest" classname="WpUtilService.Tests.EnqueueManagerTest" assertions="0" time="0.000195">
          <error type="TypeError">WpUtilService\Tests\EnqueueManagerTest::testFluentApiChainingWithParametizedTranslation
TypeError: WpUtilService\Tests\EnqueueManagerTest::getWpService(): Return value must be of type WpUtilService\Tests\FakeWpService, WpUtilService\Tests\LoggedFakeWpService returned

/workspaces/wputilservice/tests/EnqueueManagerTest.php:232
/workspaces/wputilservice/tests/EnqueueManagerTest.php:41</error>
        </testcase>
        <testcase name="testComplexFluentApiChainingWithParametizedTranslation" file="/workspaces/wputilservice/tests/EnqueueManagerTest.php" line="55" class="WpUtilService\Tests\EnqueueManagerTest" classname="WpUtilService.Tests.EnqueueManagerTest" assertions="0" time="0.000192">
          <error type="TypeError">WpUtilService\Tests\EnqueueManagerTest::testComplexFluentApiChainingWithParametizedTranslation
TypeError: WpUtilService\Tests\EnqueueManagerTest::getWpService(): Return value must be of type WpUtilService\Tests\FakeWpService, WpUtilService\Tests\LoggedFakeWpService returned

/workspaces/wputilservice/tests/EnqueueManagerTest.php:232
/workspaces/wputilservice/tests/EnqueueManagerTest.php:59</error>
        </testcase>
        <testcase name="testComplexFluentApiChainingWithParametizedTranslationAndData" file="/workspaces/wputilservice/tests/EnqueueManagerTest.php" line="75" class="WpUtilService\Tests\EnqueueManagerTest" classname="WpUtilService.Tests.EnqueueManagerTest" assertions="0" time="0.000166">
          <error type="TypeError">WpUtilService\Tests\EnqueueManagerTest::testComplexFluentApiChainingWithParametizedTranslationAndData
TypeError: WpUtilService\Tests\EnqueueManagerTest::getWpService(): Return value must be of type WpUtilService\Tests\FakeWpService, WpUtilService\Tests\LoggedFakeWpService returned

/workspaces/wputilservice/tests/EnqueueManagerTest.php:232
/workspaces/wputilservice/tests/EnqueueManagerTest.php:79</error>
        </testcase>
        <testcase name="testComplexFluentApiChaining" file="/workspaces/wputilservice/tests/EnqueueManagerTest.php" line="97" class="WpUtilService\Tests\EnqueueManagerTest" classname="WpUtilService.Tests.EnqueueManagerTest" assertions="0" time="0.000145">
          <error type="TypeError">WpUtilService\Tests\EnqueueManagerTest::testComplexFluentApiChaining
TypeError: WpUtilService\Tests\EnqueueManagerTest::getWpService(): Return value must be of type WpUtilService\Tests\FakeWpService, WpUtilService\Tests\LoggedFakeWpService returned

/workspaces/wputilservice/tests/EnqueueManagerTest.php:232
/workspaces/wputilservice/tests/EnqueueManagerTest.php:101</error>
        </testcase>
        <testcase name="testAndThrowsIfUsedBeforeWith" file="/workspaces/wputilservice/tests/EnqueueManagerTest.php" line="122" class="WpUtilService\Tests\EnqueueManagerTest" classname="WpUtilService.Tests.EnqueueManagerTest" assertions="0" time="0.000156">
          <error type="TypeError">WpUtilService\Tests\EnqueueManagerTest::testAndThrowsIfUsedBeforeWith
TypeError: WpUtilService\Tests\EnqueueManagerTest::getWpService(): Return value must be of type WpUtilService\Tests\FakeWpService, WpUtilService\Tests\LoggedFakeWpService returned

/workspaces/wputilservice/tests/EnqueueManagerTest.php:232
/workspaces/wputilservice/tests/EnqueueManagerTest.php:124</error>
        </testcase>
        <testcase name="testWithThrowsIfNoAssetAdded" file="/workspaces/wputilservice/tests/EnqueueManagerTest.php" line="132" class="WpUtilService\Tests\EnqueueManagerTest" classname="WpUtilService.Tests.EnqueueManagerTest" assertions="0" time="0.000143">
          <error type="TypeError">WpUtilService\Tests\EnqueueManagerTest::testWithThrowsIfNoAssetAdded
TypeError: WpUtilService\Tests\EnqueueManagerTest::getWpService(): Return value must be of type WpUtilService\Tests\FakeWpService, WpUtilService\Tests\LoggedFakeWpService returned

/workspaces/wputilservice/tests/EnqueueManagerTest.php:232
/workspaces/wputilservice/tests/EnqueueManagerTest.php:135</error>
        </testcase>
        <testcase name="testContextReturnsManager" file="/workspaces/wputilservice/tests/EnqueueManagerTest.php" line="142" class="WpUtilService\Tests\EnqueueManagerTest" classname="WpUtilService.Tests.EnqueueManagerTest" assertions="0" time="0.000139">
          <error type="TypeError">WpUtilService\Tests\EnqueueManagerTest::testContextReturnsManager
TypeError: WpUtilService\Tests\EnqueueManagerTest::getWpService(): Return value must be of type WpUtilService\Tests\FakeWpService, WpUtilService\Tests\LoggedFakeWpService returned

/workspaces/wputilservice/tests/EnqueueManagerTest.php:232
/workspaces/wputilservice/tests/EnqueueManagerTest.php:145</error>
        </testcase>
        <testcase name="testThrowsIfObjectNameIsNotUnique" file="/workspaces/wputilservice/tests/EnqueueManagerTest.php" line="160" class="WpUtilService\Tests\EnqueueManagerTest" classname="WpUtilService.Tests.EnqueueManagerTest" assertions="0" time="0.000140">
          <error type="TypeError">WpUtilService\Tests\EnqueueManagerTest::testThrowsIfObjectNameIsNotUnique
TypeError: WpUtilService\Tests\EnqueueManagerTest::getWpService(): Return value must be of type WpUtilService\Tests\FakeWpService, WpUtilService\Tests\LoggedFakeWpService returned

/workspaces/wputilservice/tests/EnqueueManagerTest.php:232
/workspaces/wputilservice/tests/EnqueueManagerTest.php:163</error>
        </testcase>
        <testcase name="testThrowsIfTranslationIsAddedOnAssetWithoutAbility" file="/workspaces/wputilservice/tests/EnqueueManagerTest.php" line="172" class="WpUtilService\Tests\EnqueueManagerTest" classname="WpUtilService.Tests.EnqueueManagerTest" assertions="0" time="0.000149">
          <error type="TypeError">WpUtilService\Tests\EnqueueManagerTest::testThrowsIfTranslationIsAddedOnAssetWithoutAbility
TypeError: WpUtilService\Tests\EnqueueManagerTest::getWpService(): Return value must be of type WpUtilService\Tests\FakeWpService, WpUtilService\Tests\LoggedFakeWpService returned

/workspaces/wputilservice/tests/EnqueueManagerTest.php:232
/workspaces/wputilservice/tests/EnqueueManagerTest.php:175</error>
        </testcase>
        <testcase name="testThrowsIfDataIsAddedOnAssetWithoutAbility" file="/workspaces/wputilservice/tests/EnqueueManagerTest.php" line="183" class="WpUtilService\Tests\EnqueueManagerTest" classname="WpUtilService.Tests.EnqueueManagerTest" assertions="0" time="0.000153">
          <error type="TypeError">WpUtilService\Tests\EnqueueManagerTest::testThrowsIfDataIsAddedOnAssetWithoutAbility
TypeError: WpUtilService\Tests\EnqueueManagerTest::getWpService(): Return value must be of type WpUtilService\Tests\FakeWpService, WpUtilService\Tests\LoggedFakeWpService returned

/workspaces/wputilservice/tests/EnqueueManagerTest.php:232
/workspaces/wputilservice/tests/EnqueueManagerTest.php:186</error>
        </testcase>
        <testcase name="testThatWpRegisterScriptIsCalledWhenAddingScript" file="/workspaces/wputilservice/tests/EnqueueManagerTest.php" line="194" class="WpUtilService\Tests\EnqueueManagerTest" classname="WpUtilService.Tests.EnqueueManagerTest" assertions="0" time="0.000147">
          <error type="TypeError">WpUtilService\Tests\EnqueueManagerTest::testThatWpRegisterScriptIsCalledWhenAddingScript
TypeError: WpUtilService\Tests\EnqueueManagerTest::getWpService(): Return value must be of type WpUtilService\Tests\FakeWpService, WpUtilService\Tests\LoggedFakeWpService returned

/workspaces/wputilservice/tests/EnqueueManagerTest.php:232
/workspaces/wputilservice/tests/EnqueueManagerTest.php:196</error>
        </testcase>
      </testsuite>
    </testsuite>
  </testsuite>
</testsuites>
