<?xml version="1.0" encoding="UTF-8"?>
<testsuites>
  <testsuite name="/Users/seno1000/www/public/wputilservice/phpunit.xml" tests="13" assertions="16" errors="0" failures="2" skipped="0" time="0.380328">
    <testsuite name="Unit Test Suite" tests="13" assertions="16" errors="0" failures="2" skipped="0" time="0.380328">
      <testsuite name="WpUtilService\Tests\EnqueueManagerTest" file="/Users/seno1000/www/public/wputilservice/tests/EnqueueManagerTest.php" tests="13" assertions="16" errors="0" failures="2" skipped="0" time="0.380328">
        <testcase name="testFluentApiChaining" file="/Users/seno1000/www/public/wputilservice/tests/EnqueueManagerTest.php" line="14" class="WpUtilService\Tests\EnqueueManagerTest" classname="WpUtilService.Tests.EnqueueManagerTest" assertions="1" time="0.375788"/>
        <testcase name="testFluentApiChainingWithParametizedTranslation" file="/Users/seno1000/www/public/wputilservice/tests/EnqueueManagerTest.php" line="37" class="WpUtilService\Tests\EnqueueManagerTest" classname="WpUtilService.Tests.EnqueueManagerTest" assertions="1" time="0.000116"/>
        <testcase name="testComplexFluentApiChainingWithParametizedTranslation" file="/Users/seno1000/www/public/wputilservice/tests/EnqueueManagerTest.php" line="55" class="WpUtilService\Tests\EnqueueManagerTest" classname="WpUtilService.Tests.EnqueueManagerTest" assertions="1" time="0.000083"/>
        <testcase name="testComplexFluentApiChainingWithParametizedTranslationAndData" file="/Users/seno1000/www/public/wputilservice/tests/EnqueueManagerTest.php" line="75" class="WpUtilService\Tests\EnqueueManagerTest" classname="WpUtilService.Tests.EnqueueManagerTest" assertions="1" time="0.000081"/>
        <testcase name="testComplexFluentApiChaining" file="/Users/seno1000/www/public/wputilservice/tests/EnqueueManagerTest.php" line="97" class="WpUtilService\Tests\EnqueueManagerTest" classname="WpUtilService.Tests.EnqueueManagerTest" assertions="1" time="0.000079"/>
        <testcase name="testAndThrowsIfUsedBeforeWith" file="/Users/seno1000/www/public/wputilservice/tests/EnqueueManagerTest.php" line="122" class="WpUtilService\Tests\EnqueueManagerTest" classname="WpUtilService.Tests.EnqueueManagerTest" assertions="1" time="0.000224"/>
        <testcase name="testWithThrowsIfNoAssetAdded" file="/Users/seno1000/www/public/wputilservice/tests/EnqueueManagerTest.php" line="132" class="WpUtilService\Tests\EnqueueManagerTest" classname="WpUtilService.Tests.EnqueueManagerTest" assertions="1" time="0.000064"/>
        <testcase name="testContextReturnsManager" file="/Users/seno1000/www/public/wputilservice/tests/EnqueueManagerTest.php" line="142" class="WpUtilService\Tests\EnqueueManagerTest" classname="WpUtilService.Tests.EnqueueManagerTest" assertions="2" time="0.000068"/>
        <testcase name="testThrowsIfObjectNameIsNotUnique" file="/Users/seno1000/www/public/wputilservice/tests/EnqueueManagerTest.php" line="160" class="WpUtilService\Tests\EnqueueManagerTest" classname="WpUtilService.Tests.EnqueueManagerTest" assertions="1" time="0.000072"/>
        <testcase name="testThrowsIfTranslationIsAddedOnAssetWithoutAbility" file="/Users/seno1000/www/public/wputilservice/tests/EnqueueManagerTest.php" line="172" class="WpUtilService\Tests\EnqueueManagerTest" classname="WpUtilService.Tests.EnqueueManagerTest" assertions="1" time="0.003144">
          <failure type="PHPUnit\Framework\ExpectationFailedException">WpUtilService\Tests\EnqueueManagerTest::testThrowsIfTranslationIsAddedOnAssetWithoutAbility
Failed asserting that exception of type "RuntimeException" is thrown.</failure>
        </testcase>
        <testcase name="testThrowsIfDataIsAddedOnAssetWithoutAbility" file="/Users/seno1000/www/public/wputilservice/tests/EnqueueManagerTest.php" line="183" class="WpUtilService\Tests\EnqueueManagerTest" classname="WpUtilService.Tests.EnqueueManagerTest" assertions="1" time="0.000250">
          <failure type="PHPUnit\Framework\ExpectationFailedException">WpUtilService\Tests\EnqueueManagerTest::testThrowsIfDataIsAddedOnAssetWithoutAbility
Failed asserting that exception of type "RuntimeException" is thrown.</failure>
        </testcase>
        <testcase name="testWpRegisterScriptIsCalledWhenAddingScriptAndCarrysNormalizedParams" file="/Users/seno1000/www/public/wputilservice/tests/EnqueueManagerTest.php" line="194" class="WpUtilService\Tests\EnqueueManagerTest" classname="WpUtilService.Tests.EnqueueManagerTest" assertions="2" time="0.000184"/>
        <testcase name="testWpRegisterStyleIsCalledWhenAddingStyleAndCarrysNormalizedParams" file="/Users/seno1000/www/public/wputilservice/tests/EnqueueManagerTest.php" line="220" class="WpUtilService\Tests\EnqueueManagerTest" classname="WpUtilService.Tests.EnqueueManagerTest" assertions="2" time="0.000175"/>
      </testsuite>
    </testsuite>
  </testsuite>
</testsuites>
